library/core/buildout/outputs/logs/manifest-merger-debug-report.txt
-- Merging decision tree log ---
manifest
ADDED from src/main/AndroidManifest.xml:17:1-22:12
INJECTED from src/main/AndroidManifest.xml:17:1-22:12
INJECTED from src/main/AndroidManifest.xml:17:1-22:12
	package
		ADDED from src/main/AndroidManifest.xml:19:3-47
		INJECTED from src/main/AndroidManifest.xml
		INJECTED from src/main/AndroidManifest.xml
	xmlns:tools
		ADDED from src/main/AndroidManifest.xml:18:3-49
	xmlns:android
		ADDED from src/main/AndroidManifest.xml:17:11-69
uses-permission#android.permission.ACCESS_NETWORK_STATE
ADDED from src/main/AndroidManifest.xml:20:3-76
	android:name
		ADDED from src/main/AndroidManifest.xml:20:20-74
uses-sdk
ADDED from src/main/AndroidManifest.xml:21:3-55
INJECTED from src/main/AndroidManifest.xml:21:3-55
INJECTED from src/main/AndroidManifest.xml:21:3-55
INJECTED from src/main/AndroidManifest.xml:21:3-55
INJECTED from src/main/AndroidManifest.xml:21:3-55
	tools:overrideLibrary
		ADDED from src/main/AndroidManifest.xml:21:13-53
	android:targetSdkVersion
		INJECTED from src/main/AndroidManifest.xml
		ADDED from src/main/AndroidManifest.xml:21:3-55
		INJECTED from src/main/AndroidManifest.xml
	android:minSdkVersion
		INJECTED from src/main/AndroidManifest.xml
		ADDED from src/main/AndroidManifest.xml:21:3-55
		INJECTED from src/main/AndroidManifest.xml